<?xml version="1.0" encoding="UTF-8"?>
<coverage generated="1599163414937" clover="3.2.0">
  <project timestamp="1599163414937" name="All files">
    <metrics statements="46" coveredstatements="46" conditionals="21" coveredconditionals="20" methods="5" coveredmethods="5" elements="72" coveredelements="71" complexity="0" loc="46" ncloc="46" packages="1" files="1" classes="1"/>
    <file name="gilded_rose.js" path="/Users/oliver/com/gilded-rose-javascript/src/gilded_rose.js">
      <metrics statements="46" coveredstatements="46" conditionals="21" coveredconditionals="20" methods="5" coveredmethods="5"/>
      <line num="2" count="25" type="stmt"/>
      <line num="3" count="25" type="stmt"/>
      <line num="4" count="25" type="stmt"/>
      <line num="8" count="1" type="stmt"/>
      <line num="10" count="1" type="stmt"/>
      <line num="11" count="1" type="stmt"/>
      <line num="12" count="1" type="stmt"/>
      <line num="13" count="1" type="stmt"/>
      <line num="14" count="1" type="stmt"/>
      <line num="15" count="1" type="stmt"/>
      <line num="17" count="1" type="stmt"/>
      <line num="18" count="19" type="stmt"/>
      <line num="19" count="24" type="stmt"/>
      <line num="23" count="1" type="stmt"/>
      <line num="24" count="1" type="stmt"/>
      <line num="25" count="1" type="stmt"/>
      <line num="26" count="1" type="stmt"/>
      <line num="28" count="1" type="stmt"/>
      <line num="29" count="24" type="stmt"/>
      <line num="30" count="24" type="cond" truecount="5" falsecount="0"/>
      <line num="32" count="5" type="cond" truecount="2" falsecount="0"/>
      <line num="33" count="4" type="stmt"/>
      <line num="35" count="5" type="stmt"/>
      <line num="36" count="5" type="stmt"/>
      <line num="38" count="6" type="cond" truecount="2" falsecount="0"/>
      <line num="39" count="5" type="stmt"/>
      <line num="41" count="6" type="cond" truecount="2" falsecount="0"/>
      <line num="42" count="1" type="stmt"/>
      <line num="44" count="6" type="stmt"/>
      <line num="45" count="6" type="stmt"/>
      <line num="47" count="3" type="stmt"/>
      <line num="49" count="3" type="stmt"/>
      <line num="51" count="10" type="cond" truecount="2" falsecount="0"/>
      <line num="52" count="9" type="stmt"/>
      <line num="53" count="9" type="cond" truecount="2" falsecount="0"/>
      <line num="54" count="2" type="stmt"/>
      <line num="57" count="10" type="stmt"/>
      <line num="61" count="1" type="stmt"/>
      <line num="62" count="5" type="cond" truecount="1" falsecount="1"/>
      <line num="63" count="5" type="cond" truecount="2" falsecount="0"/>
      <line num="64" count="3" type="cond" truecount="2" falsecount="0"/>
      <line num="65" count="1" type="stmt"/>
      <line num="66" count="1" type="stmt"/>
      <line num="68" count="2" type="stmt"/>
      <line num="69" count="2" type="stmt"/>
      <line num="73" count="2" type="stmt"/>
    </file>
  </project>
</coverage>
