{"/Users/oliver/com/gilded-rose-javascript/src/gilded_rose.js": {"path":"/Users/oliver/com/gilded-rose-javascript/src/gilded_rose.js","statementMap":{"0":{"start":{"line":2,"column":2},"end":{"line":2,"column":19}},"1":{"start":{"line":3,"column":2},"end":{"line":3,"column":25}},"2":{"start":{"line":4,"column":2},"end":{"line":4,"column":25}},"3":{"start":{"line":8,"column":21},"end":{"line":8,"column":23}},"4":{"start":{"line":10,"column":0},"end":{"line":10,"column":50}},"5":{"start":{"line":11,"column":0},"end":{"line":11,"column":40}},"6":{"start":{"line":12,"column":0},"end":{"line":12,"column":53}},"7":{"start":{"line":13,"column":0},"end":{"line":13,"column":58}},"8":{"start":{"line":14,"column":0},"end":{"line":14,"column":74}},"9":{"start":{"line":15,"column":0},"end":{"line":15,"column":49}},"10":{"start":{"line":17,"column":30},"end":{"line":21,"column":1}},"11":{"start":{"line":18,"column":2},"end":{"line":20,"column":4}},"12":{"start":{"line":19,"column":4},"end":{"line":19,"column":26}},"13":{"start":{"line":23,"column":18},"end":{"line":23,"column":29}},"14":{"start":{"line":24,"column":18},"end":{"line":24,"column":61}},"15":{"start":{"line":25,"column":17},"end":{"line":25,"column":45}},"16":{"start":{"line":26,"column":17},"end":{"line":26,"column":37}},"17":{"start":{"line":28,"column":24},"end":{"line":59,"column":1}},"18":{"start":{"line":29,"column":17},"end":{"line":29,"column":26}},"19":{"start":{"line":30,"column":2},"end":{"line":58,"column":3}},"20":{"start":{"line":32,"column":6},"end":{"line":34,"column":7}},"21":{"start":{"line":33,"column":8},"end":{"line":33,"column":39}},"22":{"start":{"line":35,"column":6},"end":{"line":35,"column":38}},"23":{"start":{"line":36,"column":6},"end":{"line":36,"column":12}},"24":{"start":{"line":38,"column":6},"end":{"line":40,"column":7}},"25":{"start":{"line":39,"column":8},"end":{"line":39,"column":40}},"26":{"start":{"line":41,"column":6},"end":{"line":43,"column":7}},"27":{"start":{"line":42,"column":8},"end":{"line":42,"column":50}},"28":{"start":{"line":44,"column":6},"end":{"line":44,"column":38}},"29":{"start":{"line":45,"column":6},"end":{"line":45,"column":12}},"30":{"start":{"line":47,"column":6},"end":{"line":47,"column":11}},"31":{"start":{"line":49,"column":6},"end":{"line":49,"column":38}},"32":{"start":{"line":51,"column":6},"end":{"line":56,"column":7}},"33":{"start":{"line":52,"column":8},"end":{"line":52,"column":39}},"34":{"start":{"line":53,"column":8},"end":{"line":55,"column":9}},"35":{"start":{"line":54,"column":10},"end":{"line":54,"column":41}},"36":{"start":{"line":57,"column":6},"end":{"line":57,"column":38}},"37":{"start":{"line":61,"column":35},"end":{"line":74,"column":1}},"38":{"start":{"line":62,"column":2},"end":{"line":72,"column":3}},"39":{"start":{"line":63,"column":4},"end":{"line":71,"column":5}},"40":{"start":{"line":64,"column":6},"end":{"line":70,"column":7}},"41":{"start":{"line":65,"column":8},"end":{"line":65,"column":39}},"42":{"start":{"line":66,"column":8},"end":{"line":66,"column":14}},"43":{"start":{"line":68,"column":8},"end":{"line":68,"column":39}},"44":{"start":{"line":69,"column":8},"end":{"line":69,"column":14}},"45":{"start":{"line":73,"column":2},"end":{"line":73,"column":33}}},"fnMap":{"0":{"name":"Item","decl":{"start":{"line":1,"column":9},"end":{"line":1,"column":13}},"loc":{"start":{"line":1,"column":38},"end":{"line":5,"column":1}},"line":1},"1":{"name":"(anonymous_1)","decl":{"start":{"line":17,"column":30},"end":{"line":17,"column":31}},"loc":{"start":{"line":17,"column":41},"end":{"line":21,"column":1}},"line":17},"2":{"name":"(anonymous_2)","decl":{"start":{"line":18,"column":16},"end":{"line":18,"column":17}},"loc":{"start":{"line":18,"column":24},"end":{"line":20,"column":3}},"line":18},"3":{"name":"(anonymous_3)","decl":{"start":{"line":28,"column":24},"end":{"line":28,"column":25}},"loc":{"start":{"line":28,"column":34},"end":{"line":59,"column":1}},"line":28},"4":{"name":"(anonymous_4)","decl":{"start":{"line":61,"column":35},"end":{"line":61,"column":36}},"loc":{"start":{"line":61,"column":45},"end":{"line":74,"column":1}},"line":61}},"branchMap":{"0":{"loc":{"start":{"line":30,"column":2},"end":{"line":58,"column":3}},"type":"switch","locations":[{"start":{"line":31,"column":4},"end":{"line":36,"column":12}},{"start":{"line":37,"column":4},"end":{"line":45,"column":12}},{"start":{"line":46,"column":4},"end":{"line":47,"column":11}},{"start":{"line":48,"column":4},"end":{"line":49,"column":38}},{"start":{"line":50,"column":4},"end":{"line":57,"column":38}}],"line":30},"1":{"loc":{"start":{"line":32,"column":6},"end":{"line":34,"column":7}},"type":"if","locations":[{"start":{"line":32,"column":6},"end":{"line":34,"column":7}},{"start":{"line":32,"column":6},"end":{"line":34,"column":7}}],"line":32},"2":{"loc":{"start":{"line":38,"column":6},"end":{"line":40,"column":7}},"type":"if","locations":[{"start":{"line":38,"column":6},"end":{"line":40,"column":7}},{"start":{"line":38,"column":6},"end":{"line":40,"column":7}}],"line":38},"3":{"loc":{"start":{"line":41,"column":6},"end":{"line":43,"column":7}},"type":"if","locations":[{"start":{"line":41,"column":6},"end":{"line":43,"column":7}},{"start":{"line":41,"column":6},"end":{"line":43,"column":7}}],"line":41},"4":{"loc":{"start":{"line":51,"column":6},"end":{"line":56,"column":7}},"type":"if","locations":[{"start":{"line":51,"column":6},"end":{"line":56,"column":7}},{"start":{"line":51,"column":6},"end":{"line":56,"column":7}}],"line":51},"5":{"loc":{"start":{"line":53,"column":8},"end":{"line":55,"column":9}},"type":"if","locations":[{"start":{"line":53,"column":8},"end":{"line":55,"column":9}},{"start":{"line":53,"column":8},"end":{"line":55,"column":9}}],"line":53},"6":{"loc":{"start":{"line":62,"column":2},"end":{"line":72,"column":3}},"type":"if","locations":[{"start":{"line":62,"column":2},"end":{"line":72,"column":3}},{"start":{"line":62,"column":2},"end":{"line":72,"column":3}}],"line":62},"7":{"loc":{"start":{"line":63,"column":4},"end":{"line":71,"column":5}},"type":"if","locations":[{"start":{"line":63,"column":4},"end":{"line":71,"column":5}},{"start":{"line":63,"column":4},"end":{"line":71,"column":5}}],"line":63},"8":{"loc":{"start":{"line":64,"column":6},"end":{"line":70,"column":7}},"type":"if","locations":[{"start":{"line":64,"column":6},"end":{"line":70,"column":7}},{"start":{"line":64,"column":6},"end":{"line":70,"column":7}}],"line":64}},"s":{"0":25,"1":25,"2":25,"3":1,"4":1,"5":1,"6":1,"7":1,"8":1,"9":1,"10":1,"11":19,"12":24,"13":1,"14":1,"15":1,"16":1,"17":1,"18":24,"19":24,"20":5,"21":4,"22":5,"23":5,"24":6,"25":5,"26":6,"27":1,"28":6,"29":6,"30":3,"31":3,"32":10,"33":9,"34":9,"35":2,"36":10,"37":1,"38":5,"39":5,"40":3,"41":1,"42":1,"43":2,"44":2,"45":2},"f":{"0":25,"1":19,"2":24,"3":24,"4":5},"b":{"0":[5,6,3,3,10],"1":[4,1],"2":[5,1],"3":[1,5],"4":[9,1],"5":[2,7],"6":[5,0],"7":[3,2],"8":[1,2]},"_coverageSchema":"1a1c01bbd47fc00a2c39e90264f33305004495a9","hash":"e6e53a0368cf9ca81236543ffa56c70d1f028b48"}
}
