TN:
SF:src/gilded_rose.js
FN:1,Item
FN:17,(anonymous_1)
FN:18,(anonymous_2)
FN:28,(anonymous_3)
FN:61,(anonymous_4)
FNF:5
FNH:5
FNDA:25,Item
FNDA:19,(anonymous_1)
FNDA:24,(anonymous_2)
FNDA:24,(anonymous_3)
FNDA:5,(anonymous_4)
DA:2,25
DA:3,25
DA:4,25
DA:8,1
DA:10,1
DA:11,1
DA:12,1
DA:13,1
DA:14,1
DA:15,1
DA:17,1
DA:18,19
DA:19,24
DA:23,1
DA:24,1
DA:25,1
DA:26,1
DA:28,1
DA:29,24
DA:30,24
DA:32,5
DA:33,4
DA:35,5
DA:36,5
DA:38,6
DA:39,5
DA:41,6
DA:42,1
DA:44,6
DA:45,6
DA:47,3
DA:49,3
DA:51,10
DA:52,9
DA:53,9
DA:54,2
DA:57,10
DA:61,1
DA:62,5
DA:63,5
DA:64,3
DA:65,1
DA:66,1
DA:68,2
DA:69,2
DA:73,2
LF:46
LH:46
BRDA:30,0,0,5
BRDA:30,0,1,6
BRDA:30,0,2,3
BRDA:30,0,3,3
BRDA:30,0,4,10
BRDA:32,1,0,4
BRDA:32,1,1,1
BRDA:38,2,0,5
BRDA:38,2,1,1
BRDA:41,3,0,1
BRDA:41,3,1,5
BRDA:51,4,0,9
BRDA:51,4,1,1
BRDA:53,5,0,2
BRDA:53,5,1,7
BRDA:62,6,0,5
BRDA:62,6,1,0
BRDA:63,7,0,3
BRDA:63,7,1,2
BRDA:64,8,0,1
BRDA:64,8,1,2
BRF:21
BRH:20
end_of_record
